\BOOKMARK [1][-]{section.1}{Introduction - Five Ws}{}% 1
\BOOKMARK [2][-]{subsection.1.1}{What is the problem?}{section.1}% 2
\BOOKMARK [2][-]{subsection.1.2}{Where is this?}{section.1}% 3
\BOOKMARK [2][-]{subsection.1.3}{When is this applicable?}{section.1}% 4
\BOOKMARK [2][-]{subsection.1.4}{Why do we do this?}{section.1}% 5
\BOOKMARK [2][-]{subsection.1.5}{Who cares?}{section.1}% 6
\BOOKMARK [1][-]{section.2}{Data}{}% 7
\BOOKMARK [2][-]{subsection.2.1}{Load the required libraries.}{section.2}% 8
\BOOKMARK [2][-]{subsection.2.2}{Get the neighborhood names}{section.2}% 9
\BOOKMARK [2][-]{subsection.2.3}{Obtain the latitude, longitude, address, and miles to work for each neighborhood}{section.2}% 10
\BOOKMARK [2][-]{subsection.2.4}{Obtain venues around each neighborhood}{section.2}% 11
\BOOKMARK [2][-]{subsection.2.5}{Analyze Each Neighborhood to find how many unique catogories are belongs to each neighborhood}{section.2}% 12
\BOOKMARK [1][-]{section.3}{ Methodology - K-means Clustering}{}% 13
\BOOKMARK [2][-]{subsection.3.1}{Choosing the best cluster number using elbow method}{section.3}% 14
\BOOKMARK [2][-]{subsection.3.2}{Reanalyze data with best K}{section.3}% 15
\BOOKMARK [2][-]{subsection.3.3}{Creating an interactive map to show the neighborhoods and their cluster numbers}{section.3}% 16
\BOOKMARK [1][-]{section.4}{Results}{}% 17
\BOOKMARK [2][-]{subsection.4.1}{4.1 Average cluster results}{section.4}% 18
\BOOKMARK [2][-]{subsection.4.2}{Graphical representation of best Neighborhoods}{section.4}% 19
\BOOKMARK [1][-]{section.5}{Discussion}{}% 20
\BOOKMARK [1][-]{section.6}{Conclusion}{}% 21
\BOOKMARK [1][-]{section.7}{Acknowledgment}{}% 22
\BOOKMARK [1][-]{section.8}{References}{}% 23
